TN:
SF:app.js
FN:30,(anonymous_0)
FN:35,(anonymous_1)
FNF:2
FNH:2
FNDA:2,(anonymous_0)
FNDA:8,(anonymous_1)
DA:5,4
DA:6,4
DA:8,4
DA:10,4
DA:11,4
DA:12,4
DA:13,4
DA:15,4
DA:17,4
DA:19,4
DA:20,4
DA:21,4
DA:22,4
DA:24,4
DA:25,4
DA:26,4
DA:30,4
DA:31,2
DA:35,4
DA:36,8
DA:39,8
DA:41,8
DA:46,4
LF:23
LH:23
BRDA:36,0,0,1
BRDA:36,0,1,7
BRF:2
BRH:2
end_of_record
TN:
SF:config.js
FN:13,getDatabaseUri
FNF:1
FNH:1
FNDA:10,getDatabaseUri
DA:5,9
DA:6,9
DA:8,9
DA:10,9
DA:14,10
DA:21,9
DA:23,9
DA:24,1
DA:34,9
LF:9
LH:9
BRDA:8,0,0,9
BRDA:8,0,1,8
BRDA:10,1,0,9
BRDA:10,1,1,8
BRDA:14,2,0,7
BRDA:14,2,1,3
BRDA:16,3,0,3
BRDA:16,3,1,1
BRDA:21,4,0,8
BRDA:21,4,1,1
BRDA:23,5,0,1
BRDA:23,5,1,8
BRF:12
BRH:12
end_of_record
TN:
SF:db.js
FN:14,connectDb
FNF:1
FNH:1
FNDA:6,connectDb
DA:5,6
DA:6,6
DA:8,6
DA:10,6
DA:16,6
DA:17,6
DA:18,6
DA:19,5
DA:25,6
DA:27,6
LF:10
LH:10
BRF:0
BRH:0
end_of_record
TN:
SF:expressError.js
FN:10,(anonymous_0)
FN:20,(anonymous_1)
FN:28,(anonymous_2)
FN:36,(anonymous_3)
FN:44,(anonymous_4)
FNF:5
FNH:4
FNDA:23,(anonymous_0)
FNDA:8,(anonymous_1)
FNDA:6,(anonymous_2)
FNDA:9,(anonymous_3)
FNDA:0,(anonymous_4)
DA:11,23
DA:12,23
DA:13,23
DA:21,8
DA:29,6
DA:37,9
DA:45,0
DA:49,8
LF:8
LH:7
BRDA:20,0,0,2
BRDA:28,1,0,2
BRDA:36,2,0,0
BRDA:44,3,0,0
BRF:4
BRH:2
end_of_record
TN:
SF:helpers/sql.js
FN:27,sqlForPartialUpdate
FN:32,(anonymous_1)
FN:43,sqlForFilter
FNF:3
FNH:2
FNDA:7,sqlForPartialUpdate
FNDA:9,(anonymous_1)
FNDA:0,sqlForFilter
DA:3,7
DA:28,7
DA:29,7
DA:32,5
DA:33,9
DA:36,5
DA:44,0
DA:45,0
DA:97,0
DA:101,0
DA:103,0
DA:105,0
DA:106,0
DA:108,0
DA:109,0
DA:110,0
DA:112,0
DA:113,0
DA:114,0
DA:119,0
DA:120,0
DA:121,0
DA:127,0
DA:128,0
DA:129,0
DA:131,0
DA:132,0
DA:133,0
DA:138,0
DA:139,0
DA:140,0
DA:148,0
DA:151,0
DA:154,7
LF:34
LH:7
BRDA:29,0,0,2
BRDA:29,0,1,5
BRDA:33,1,0,9
BRDA:33,1,1,3
BRDA:45,2,0,0
BRDA:45,2,1,0
BRDA:103,3,0,0
BRDA:103,3,1,0
BRDA:108,4,0,0
BRDA:108,4,1,0
BRDA:112,5,0,0
BRDA:112,5,1,0
BRDA:119,6,0,0
BRDA:119,6,1,0
BRDA:127,7,0,0
BRDA:127,7,1,0
BRDA:131,8,0,0
BRDA:131,8,1,0
BRDA:138,9,0,0
BRDA:138,9,1,0
BRF:20
BRH:4
end_of_record
TN:
SF:helpers/tokens.js
FN:8,createToken
FNF:1
FNH:1
FNDA:8,createToken
DA:3,5
DA:4,5
DA:9,8
DA:14,8
DA:17,5
LF:5
LH:5
BRF:0
BRH:0
end_of_record
TN:
SF:middleware/auth.js
FN:18,authenticateJWT
FN:38,ensureLoggedIn
FNF:2
FNH:2
FNDA:13,authenticateJWT
FNDA:3,ensureLoggedIn
DA:5,5
DA:6,5
DA:7,5
DA:19,13
DA:20,13
DA:21,2
DA:23,2
DA:24,2
DA:29,13
DA:39,3
DA:40,2
DA:44,5
LF:12
LH:12
BRDA:20,0,0,2
BRDA:20,0,1,11
BRDA:39,1,0,1
BRDA:39,1,1,2
BRF:4
BRH:4
end_of_record
TN:
SF:models/_testCommon.js
FN:8,commonBeforeAll
FN:34,commonBeforeEach
FN:38,commonAfterEach
FN:42,commonAfterAll
FNF:4
FNH:4
FNDA:2,commonBeforeAll
FNDA:15,commonBeforeEach
FNDA:28,commonAfterEach
FNDA:2,commonAfterAll
DA:3,2
DA:5,2
DA:6,2
DA:10,2
DA:12,2
DA:14,2
DA:20,1
DA:35,15
DA:39,28
DA:43,2
DA:47,2
LF:11
LH:11
BRF:0
BRH:0
end_of_record
TN:
SF:models/company.js
FN:19,(anonymous_0)
FN:58,(anonymous_1)
FN:133,(anonymous_2)
FN:162,(anonymous_3)
FN:194,(anonymous_4)
FNF:5
FNH:1
FNDA:8,(anonymous_0)
FNDA:0,(anonymous_1)
FNDA:0,(anonymous_2)
FNDA:0,(anonymous_3)
FNDA:0,(anonymous_4)
DA:3,5
DA:4,5
DA:5,5
DA:20,8
DA:25,8
DA:26,1
DA:28,7
DA:48,7
DA:50,7
DA:64,0
DA:66,0
DA:69,0
DA:73,0
DA:89,0
DA:90,0
DA:91,0
DA:100,0
DA:101,0
DA:112,0
DA:122,0
DA:134,0
DA:143,0
DA:145,0
DA:147,0
DA:163,0
DA:169,0
DA:171,0
DA:181,0
DA:182,0
DA:184,0
DA:186,0
DA:195,0
DA:200,0
DA:202,0
DA:205,5
LF:35
LH:10
BRDA:25,0,0,1
BRDA:25,0,1,7
BRDA:66,1,0,0
BRDA:66,1,1,0
BRDA:66,2,0,0
BRDA:66,2,1,0
BRDA:66,2,2,0
BRDA:89,3,0,0
BRDA:89,3,1,0
BRDA:145,4,0,0
BRDA:145,4,1,0
BRDA:184,5,0,0
BRDA:184,5,1,0
BRDA:202,6,0,0
BRDA:202,6,1,0
BRF:15
BRH:2
end_of_record
TN:
SF:models/user.js
FN:24,(anonymous_0)
FN:58,(anonymous_1)
FN:106,(anonymous_2)
FN:128,(anonymous_3)
FN:163,(anonymous_4)
FN:197,(anonymous_5)
FNF:6
FNH:6
FNDA:6,(anonymous_0)
FNDA:10,(anonymous_1)
FNDA:1,(anonymous_2)
FNDA:2,(anonymous_3)
FNDA:4,(anonymous_4)
FNDA:2,(anonymous_5)
DA:3,5
DA:4,5
DA:5,5
DA:10,5
DA:12,5
DA:26,6
DA:37,6
DA:39,6
DA:41,3
DA:42,3
DA:43,2
DA:44,2
DA:48,4
DA:60,10
DA:66,10
DA:67,2
DA:70,8
DA:72,8
DA:96,8
DA:98,8
DA:107,1
DA:117,1
DA:129,2
DA:139,2
DA:141,2
DA:143,0
DA:164,4
DA:165,1
DA:168,4
DA:175,3
DA:177,3
DA:186,3
DA:187,3
DA:189,3
DA:191,0
DA:192,0
DA:198,2
DA:204,2
DA:206,2
DA:211,5
LF:40
LH:37
BRDA:39,0,0,3
BRDA:39,0,1,3
BRDA:42,1,0,2
BRDA:42,1,1,1
BRDA:66,2,0,2
BRDA:66,2,1,8
BRDA:141,3,0,2
BRDA:141,3,1,0
BRDA:164,4,0,1
BRDA:164,4,1,3
BRDA:189,5,0,3
BRDA:189,5,1,0
BRDA:206,6,0,1
BRDA:206,6,1,1
BRF:14
BRH:12
end_of_record
TN:
SF:routes/_testCommon.js
FN:8,commonBeforeAll
FN:65,commonBeforeEach
FN:69,commonAfterEach
FN:73,commonAfterAll
FNF:4
FNH:4
FNDA:3,commonBeforeAll
FNDA:8,commonBeforeEach
FNDA:41,commonAfterEach
FNDA:3,commonAfterAll
DA:3,3
DA:4,3
DA:5,3
DA:6,3
DA:10,3
DA:12,3
DA:14,3
DA:22,3
DA:30,2
DA:39,2
DA:47,2
DA:55,1
DA:66,8
DA:70,41
DA:74,3
DA:78,3
DA:81,3
LF:17
LH:17
BRF:0
BRH:0
end_of_record
TN:
SF:routes/auth.js
FN:22,(anonymous_0)
FN:29,(anonymous_1)
FN:49,(anonymous_2)
FN:56,(anonymous_3)
FNF:4
FNH:4
FNDA:5,(anonymous_0)
FNDA:2,(anonymous_1)
FNDA:3,(anonymous_2)
FNDA:5,(anonymous_3)
DA:5,4
DA:7,4
DA:8,4
DA:9,4
DA:10,4
DA:11,4
DA:12,4
DA:13,4
DA:22,4
DA:23,5
DA:28,5
DA:29,2
DA:30,2
DA:33,3
DA:34,3
DA:35,1
DA:36,1
DA:49,4
DA:50,3
DA:55,3
DA:56,5
DA:57,2
DA:60,1
DA:61,1
DA:62,1
DA:66,4
LF:26
LH:26
BRDA:28,0,0,2
BRDA:28,0,1,3
BRDA:55,1,0,2
BRDA:55,1,1,1
BRF:4
BRH:4
end_of_record
TN:
SF:routes/companies.js
FN:28,(anonymous_0)
FN:35,(anonymous_1)
FN:54,(anonymous_2)
FN:80,(anonymous_3)
FN:103,(anonymous_4)
FN:119,(anonymous_5)
FN:126,(anonymous_6)
FN:139,(anonymous_7)
FNF:8
FNH:0
FNDA:0,(anonymous_0)
FNDA:0,(anonymous_1)
FNDA:0,(anonymous_2)
FNDA:0,(anonymous_3)
FNDA:0,(anonymous_4)
FNDA:0,(anonymous_5)
FNDA:0,(anonymous_6)
FNDA:0,(anonymous_7)
DA:5,4
DA:6,4
DA:8,4
DA:9,4
DA:10,4
DA:12,4
DA:13,4
DA:14,4
DA:16,4
DA:28,4
DA:29,0
DA:34,0
DA:35,0
DA:36,0
DA:39,0
DA:40,0
DA:54,4
DA:56,0
DA:57,0
DA:58,0
DA:59,0
DA:60,0
DA:61,0
DA:65,0
DA:66,0
DA:70,0
DA:79,0
DA:80,0
DA:81,0
DA:85,0
DA:92,0
DA:103,4
DA:104,0
DA:105,0
DA:119,4
DA:120,0
DA:125,0
DA:126,0
DA:127,0
DA:130,0
DA:131,0
DA:139,4
DA:140,0
DA:141,0
DA:145,4
LF:45
LH:15
BRDA:34,0,0,0
BRDA:34,0,1,0
BRDA:59,1,0,0
BRDA:59,1,1,0
BRDA:65,2,0,0
BRDA:65,2,1,0
BRDA:79,3,0,0
BRDA:79,3,1,0
BRDA:125,4,0,0
BRDA:125,4,1,0
BRF:10
BRH:0
end_of_record
TN:
SF:routes/users.js
FN:30,(anonymous_0)
FN:37,(anonymous_1)
FN:54,(anonymous_2)
FN:67,(anonymous_3)
FN:83,(anonymous_4)
FN:90,(anonymous_5)
FN:104,(anonymous_6)
FNF:7
FNH:0
FNDA:0,(anonymous_0)
FNDA:0,(anonymous_1)
FNDA:0,(anonymous_2)
FNDA:0,(anonymous_3)
FNDA:0,(anonymous_4)
FNDA:0,(anonymous_5)
FNDA:0,(anonymous_6)
DA:5,4
DA:7,4
DA:8,4
DA:9,4
DA:10,4
DA:11,4
DA:12,4
DA:13,4
DA:15,4
DA:30,4
DA:31,0
DA:36,0
DA:37,0
DA:38,0
DA:41,0
DA:42,0
DA:43,0
DA:54,4
DA:55,0
DA:56,0
DA:67,4
DA:68,0
DA:69,0
DA:83,4
DA:84,0
DA:89,0
DA:90,0
DA:91,0
DA:94,0
DA:95,0
DA:104,4
DA:105,0
DA:106,0
DA:110,4
LF:34
LH:15
BRDA:36,0,0,0
BRDA:36,0,1,0
BRDA:89,1,0,0
BRDA:89,1,1,0
BRF:4
BRH:0
end_of_record
